<?xml version="1.0" encoding="UTF-8"?>
<!-- Generated by org.testng.reporters.JUnitXMLReporter -->
<testsuite ignored="0" hostname="MKNB942" failures="0" tests="6" name="testngTest.testCases" time="0.047" errors="0" timestamp="02 Sep 2019 15:13:05 GMT">
  <testcase classname="testCases.ccTestCase" name="@BeforeMethod setup" time="0.001">
    <failure type="java.lang.NoClassDefFoundError" message="org/openqa/selenium/remote/AbstractDriverOptions">
      <![CDATA[java.lang.NoClassDefFoundError: org/openqa/selenium/remote/AbstractDriverOptions
at org.openqa.selenium.chrome.ChromeDriver.<init>(ChromeDriver.java:131)
at testBase.Testbase.initialization(Testbase.java:46)
at testCases.ccTestCase.setup(ccTestCase.java:25)
... Removed 28 stack frames]]>
    </failure>
  </testcase> <!-- @BeforeMethod setup -->
  <testcase classname="testCases.ccTestCase" name="@AfterMethod tearDown" time="0.0">
    <skipped/>
  </testcase> <!-- @AfterMethod tearDown -->
  <testcase classname="testCases.e2E" name="@BeforeMethod setup" time="0.001">
    <failure type="java.lang.NoClassDefFoundError" message="org/openqa/selenium/remote/AbstractDriverOptions">
      <![CDATA[java.lang.NoClassDefFoundError: org/openqa/selenium/remote/AbstractDriverOptions
at org.openqa.selenium.chrome.ChromeDriver.<init>(ChromeDriver.java:131)
at testBase.Testbase.initialization(Testbase.java:46)
at testCases.e2E.setup(e2E.java:31)
... Removed 28 stack frames]]>
    </failure>
  </testcase> <!-- @BeforeMethod setup -->
  <testcase classname="testCases.e2E" name="@AfterMethod tearDown" time="0.0">
    <skipped/>
  </testcase> <!-- @AfterMethod tearDown -->
  <testcase classname="testCases.loginTestCase" name="@BeforeMethod setup" time="0.001">
    <failure type="java.lang.NoClassDefFoundError" message="org/openqa/selenium/remote/AbstractDriverOptions">
      <![CDATA[java.lang.NoClassDefFoundError: org/openqa/selenium/remote/AbstractDriverOptions
at org.openqa.selenium.chrome.ChromeDriver.<init>(ChromeDriver.java:131)
at testBase.Testbase.initialization(Testbase.java:46)
at testCases.loginTestCase.setup(loginTestCase.java:23)
... Removed 28 stack frames]]>
    </failure>
  </testcase> <!-- @BeforeMethod setup -->
  <testcase classname="testCases.loginTestCase" name="@AfterMethod tearDown" time="0.0">
    <skipped/>
  </testcase> <!-- @AfterMethod tearDown -->
  <testcase classname="testCases.quote" name="@BeforeMethod setup" time="0.001">
    <failure type="java.lang.NoClassDefFoundError" message="org/openqa/selenium/remote/AbstractDriverOptions">
      <![CDATA[java.lang.NoClassDefFoundError: org/openqa/selenium/remote/AbstractDriverOptions
at org.openqa.selenium.chrome.ChromeDriver.<init>(ChromeDriver.java:131)
at testBase.Testbase.initialization(Testbase.java:46)
at testCases.quote.setup(quote.java:31)
... Removed 28 stack frames]]>
    </failure>
  </testcase> <!-- @BeforeMethod setup -->
  <testcase classname="testCases.quote" name="@AfterMethod tearDown" time="0.0">
    <skipped/>
  </testcase> <!-- @AfterMethod tearDown -->
  <testcase classname="testCases.sub" name="@BeforeMethod setup" time="0.001">
    <failure type="java.lang.NoClassDefFoundError" message="org/openqa/selenium/remote/AbstractDriverOptions">
      <![CDATA[java.lang.NoClassDefFoundError: org/openqa/selenium/remote/AbstractDriverOptions
at org.openqa.selenium.chrome.ChromeDriver.<init>(ChromeDriver.java:131)
at testBase.Testbase.initialization(Testbase.java:46)
at testCases.sub.setup(sub.java:28)
... Removed 28 stack frames]]>
    </failure>
  </testcase> <!-- @BeforeMethod setup -->
  <testcase classname="testCases.sub" name="@AfterMethod tearDown" time="0.0">
    <skipped/>
  </testcase> <!-- @AfterMethod tearDown -->
  <testcase classname="testCases.updatescreen" name="@BeforeMethod setup" time="0.002">
    <failure type="java.lang.NoClassDefFoundError" message="org/openqa/selenium/remote/AbstractDriverOptions">
      <![CDATA[java.lang.NoClassDefFoundError: org/openqa/selenium/remote/AbstractDriverOptions
at org.openqa.selenium.chrome.ChromeDriver.<init>(ChromeDriver.java:131)
at testBase.Testbase.initialization(Testbase.java:46)
at testCases.updatescreen.setup(updatescreen.java:29)
... Removed 28 stack frames]]>
    </failure>
  </testcase> <!-- @BeforeMethod setup -->
  <testcase classname="testCases.updatescreen" name="@AfterMethod tearDown" time="0.0">
    <skipped/>
  </testcase> <!-- @AfterMethod tearDown -->
  <testcase classname="testCases.ccTestCase" name="customercapture" time="0.0">
    <skipped/>
  </testcase> <!-- customercapture -->
  <testcase classname="testCases.e2E" name="customercapture" time="0.0">
    <skipped/>
  </testcase> <!-- customercapture -->
  <testcase classname="testCases.loginTestCase" name="login" time="0.0">
    <skipped/>
  </testcase> <!-- login -->
  <testcase classname="testCases.quote" name="customercapture" time="0.0">
    <skipped/>
  </testcase> <!-- customercapture -->
  <testcase classname="testCases.sub" name="accept" time="0.0">
    <skipped/>
  </testcase> <!-- accept -->
  <testcase classname="testCases.updatescreen" name="accept" time="0.0">
    <skipped/>
  </testcase> <!-- accept -->
</testsuite> <!-- testngTest.testCases -->
