<?xml version="1.0" encoding="UTF-8"?>
<!-- Generated by org.testng.reporters.JUnitXMLReporter -->
<testsuite ignored="0" hostname="MKNB942" failures="1" tests="1" name="testngTest123" time="40.983" errors="0" timestamp="04 Sep 2019 12:53:35 GMT">
  <testcase classname="failed.testfail" name="customercapture" time="34.585">
    <failure type="org.openqa.selenium.WebDriverException" message="element click intercepted: Element &amp;lt;button data-hook=&amp;quot;customercapture.save&amp;quot; type=&amp;quot;submit&amp;quot; class=&amp;quot;cui-button cui-button--chunky&amp;quot; ng-disabled=&amp;quot;$ctrl.shouldDisableSave()&amp;quot; ng-click=&amp;quot;$ctrl.save()&amp;quot; disabled=&amp;quot;disabled&amp;quot;&amp;gt;...&amp;lt;/button&amp;gt; is not clickable at point (799, 575). Other element would receive the click: &amp;lt;footer class=&amp;quot;customer-capture__footer ng-scope&amp;quot; wcg-floating-footer=&amp;quot;.customer-capture&amp;quot; style=&amp;quot;top: 3449px;&amp;quot;&amp;gt;...&amp;lt;/footer&amp;gt;
  (Session info: chrome=76.0.3809.132)
Build info: version: &amp;apos;3.5.3&amp;apos;, revision: &amp;apos;a88d25fe6b&amp;apos;, time: &amp;apos;2017-08-29T12:42:44.417Z&amp;apos;
System info: host: &amp;apos;MKNB942&amp;apos;, ip: &amp;apos;172.19.200.150&amp;apos;, os.name: &amp;apos;Windows 10&amp;apos;, os.arch: &amp;apos;amd64&amp;apos;, os.version: &amp;apos;10.0&amp;apos;, java.version: &amp;apos;11.0.4&amp;apos;
Driver info: org.openqa.selenium.chrome.ChromeDriver
Capabilities [{networkConnectionEnabled=false, chrome={chromedriverVersion=76.0.3809.68 (420c9498db8ce8fcd190a954d51297672c1515d5-refs/branch-heads/3809@{#864}), userDataDir=C:\Users\PSRIVA~1\AppData\Local\Temp\scoped_dir3172_1769214047}, timeouts={implicit=0, pageLoad=300000, script=30000}, pageLoadStrategy=normal, unhandledPromptBehavior=dismiss and notify, strictFileInteractability=false, platform=XP, proxy=Proxy(), goog:chromeOptions={debuggerAddress=localhost:55042}, acceptInsecureCerts=false, browserVersion=76.0.3809.132, browserName=chrome, javascriptEnabled=true, platformName=XP, setWindowRect=true}]
Session ID: dd269f57f5fff2bc9d3683ce10055684">
      <![CDATA[org.openqa.selenium.WebDriverException: element click intercepted: Element <button data-hook="customercapture.save" type="submit" class="cui-button cui-button--chunky" ng-disabled="$ctrl.shouldDisableSave()" ng-click="$ctrl.save()" disabled="disabled">...</button> is not clickable at point (799, 575). Other element would receive the click: <footer class="customer-capture__footer ng-scope" wcg-floating-footer=".customer-capture" style="top: 3449px;">...</footer>
  (Session info: chrome=76.0.3809.132)
Build info: version: '3.5.3', revision: 'a88d25fe6b', time: '2017-08-29T12:42:44.417Z'
System info: host: 'MKNB942', ip: '172.19.200.150', os.name: 'Windows 10', os.arch: 'amd64', os.version: '10.0', java.version: '11.0.4'
Driver info: org.openqa.selenium.chrome.ChromeDriver
Capabilities [{networkConnectionEnabled=false, chrome={chromedriverVersion=76.0.3809.68 (420c9498db8ce8fcd190a954d51297672c1515d5-refs/branch-heads/3809@{#864}), userDataDir=C:\Users\PSRIVA~1\AppData\Local\Temp\scoped_dir3172_1769214047}, timeouts={implicit=0, pageLoad=300000, script=30000}, pageLoadStrategy=normal, unhandledPromptBehavior=dismiss and notify, strictFileInteractability=false, platform=XP, proxy=Proxy(), goog:chromeOptions={debuggerAddress=localhost:55042}, acceptInsecureCerts=false, browserVersion=76.0.3809.132, browserName=chrome, javascriptEnabled=true, platformName=XP, setWindowRect=true}]
Session ID: dd269f57f5fff2bc9d3683ce10055684
at org.openqa.selenium.remote.http.W3CHttpResponseCodec.createException(W3CHttpResponseCodec.java:185)
at org.openqa.selenium.remote.http.W3CHttpResponseCodec.decode(W3CHttpResponseCodec.java:120)
at org.openqa.selenium.remote.http.W3CHttpResponseCodec.decode(W3CHttpResponseCodec.java:49)
at org.openqa.selenium.remote.HttpCommandExecutor.execute(HttpCommandExecutor.java:164)
at org.openqa.selenium.remote.service.DriverCommandExecutor.execute(DriverCommandExecutor.java:82)
at org.openqa.selenium.remote.RemoteWebDriver.execute(RemoteWebDriver.java:646)
at org.openqa.selenium.remote.RemoteWebElement.execute(RemoteWebElement.java:275)
at org.openqa.selenium.remote.RemoteWebElement.click(RemoteWebElement.java:82)
at org.openqa.selenium.support.pagefactory.internal.LocatingElementHandler.invoke(LocatingElementHandler.java:51)
at com.sun.proxy.$Proxy13.click(Unknown Source)
at pageObject.customerCapture.SaveButton(customerCapture.java:467)
at failed.testfail.customercapture(testfail.java:76)
... Removed 33 stack frames]]>
    </failure>
  </testcase> <!-- customercapture -->
</testsuite> <!-- testngTest123 -->
