<!DOCTYPE html PUBLIC "-//W3C//DTD XHTML 1.1//EN" "http://www.w3.org/TR/xhtml11/DTD/xhtml11.dtd">
<html xmlns="http://www.w3.org/1999/xhtml">
<head>
<meta http-equiv="content-type" content="text/html; charset=UTF-8"/>
<title>TestNG Report</title>
<style type="text/css">table {margin-bottom:10px;border-collapse:collapse;empty-cells:show}th,td {border:1px solid #009;padding:.25em .5em}th {vertical-align:bottom}td {vertical-align:top}table a {font-weight:bold}.stripe td {background-color: #E6EBF9}.num {text-align:right}.passedodd td {background-color: #3F3}.passedeven td {background-color: #0A0}.skippedodd td {background-color: #DDD}.skippedeven td {background-color: #CCC}.failedodd td,.attn {background-color: #F33}.failedeven td,.stripe .attn {background-color: #D00}.stacktrace {white-space:pre;font-family:monospace}.totop {font-size:85%;text-align:center;border-bottom:2px solid #000}.invisible {display:none}</style>
</head>
<body>
<table>
<tr><th>Test</th><th># Passed</th><th># Skipped</th><th># Failed</th><th>Time (ms)</th><th>Included Groups</th><th>Excluded Groups</th></tr>
<tr><th colspan="7">testCases</th></tr>
<tr><td><a href="#t0">testngTest.failed</a></td><td class="num">0</td><td class="num attn">1</td><td class="num">0</td><td class="num">82</td><td></td><td></td></tr>
<tr class="stripe"><td><a href="#t1">testngTest.testCases</a></td><td class="num">0</td><td class="num attn">6</td><td class="num">0</td><td class="num">47</td><td></td><td></td></tr>
<tr><th>Total</th><th class="num">0</th><th class="num attn">7</th><th class="num">0</th><th class="num">129</th><th colspan="2"></th></tr>
</table>
<table id='summary'><thead><tr><th>Class</th><th>Method</th><th>Start</th><th>Time (ms)</th></tr></thead><tbody><tr><th colspan="4">testCases</th></tr></tbody><tbody id="t0"><tr><th colspan="4">testngTest.failed &#8212; failed (configuration methods)</th></tr><tr class="failedeven"><td rowspan="1">failed.testfail</td><td><a href="#m0">setup</a></td><td rowspan="1">1567437185262</td><td rowspan="1">54</td></tr><tr><th colspan="4">testngTest.failed &#8212; skipped (configuration methods)</th></tr><tr class="skippedeven"><td rowspan="1">failed.testfail</td><td><a href="#m1">tearDown</a></td><td rowspan="1">1567437185325</td><td rowspan="1">0</td></tr><tr><th colspan="4">testngTest.failed &#8212; skipped</th></tr><tr class="skippedeven"><td rowspan="1">failed.testfail</td><td><a href="#m2">customercapture</a></td><td rowspan="1">1567437185323</td><td rowspan="1">0</td></tr></tbody>
<tbody id="t1"><tr><th colspan="4">testngTest.testCases &#8212; failed (configuration methods)</th></tr><tr class="failedeven"><td rowspan="1">testCases.ccTestCase</td><td><a href="#m3">setup</a></td><td rowspan="1">1567437185408</td><td rowspan="1">1</td></tr><tr class="failedodd"><td rowspan="1">testCases.e2E</td><td><a href="#m4">setup</a></td><td rowspan="1">1567437185414</td><td rowspan="1">1</td></tr><tr class="failedeven"><td rowspan="1">testCases.loginTestCase</td><td><a href="#m5">setup</a></td><td rowspan="1">1567437185420</td><td rowspan="1">1</td></tr><tr class="failedodd"><td rowspan="1">testCases.quote</td><td><a href="#m6">setup</a></td><td rowspan="1">1567437185427</td><td rowspan="1">1</td></tr><tr class="failedeven"><td rowspan="1">testCases.sub</td><td><a href="#m7">setup</a></td><td rowspan="1">1567437185441</td><td rowspan="1">1</td></tr><tr class="failedodd"><td rowspan="1">testCases.updatescreen</td><td><a href="#m8">setup</a></td><td rowspan="1">1567437185446</td><td rowspan="1">2</td></tr><tr><th colspan="4">testngTest.testCases &#8212; skipped (configuration methods)</th></tr><tr class="skippedeven"><td rowspan="1">testCases.ccTestCase</td><td><a href="#m9">tearDown</a></td><td rowspan="1">1567437185413</td><td rowspan="1">0</td></tr><tr class="skippedodd"><td rowspan="1">testCases.e2E</td><td><a href="#m10">tearDown</a></td><td rowspan="1">1567437185419</td><td rowspan="1">0</td></tr><tr class="skippedeven"><td rowspan="1">testCases.loginTestCase</td><td><a href="#m11">tearDown</a></td><td rowspan="1">1567437185425</td><td rowspan="1">0</td></tr><tr class="skippedodd"><td rowspan="1">testCases.quote</td><td><a href="#m12">tearDown</a></td><td rowspan="1">1567437185440</td><td rowspan="1">0</td></tr><tr class="skippedeven"><td rowspan="1">testCases.sub</td><td><a href="#m13">tearDown</a></td><td rowspan="1">1567437185445</td><td rowspan="1">0</td></tr><tr class="skippedodd"><td rowspan="1">testCases.updatescreen</td><td><a href="#m14">tearDown</a></td><td rowspan="1">1567437185452</td><td rowspan="1">0</td></tr><tr><th colspan="4">testngTest.testCases &#8212; skipped</th></tr><tr class="skippedeven"><td rowspan="1">testCases.ccTestCase</td><td><a href="#m15">customercapture</a></td><td rowspan="1">1567437185412</td><td rowspan="1">0</td></tr><tr class="skippedodd"><td rowspan="1">testCases.e2E</td><td><a href="#m16">customercapture</a></td><td rowspan="1">1567437185418</td><td rowspan="1">0</td></tr><tr class="skippedeven"><td rowspan="1">testCases.loginTestCase</td><td><a href="#m17">login</a></td><td rowspan="1">1567437185424</td><td rowspan="1">0</td></tr><tr class="skippedodd"><td rowspan="1">testCases.quote</td><td><a href="#m18">customercapture</a></td><td rowspan="1">1567437185439</td><td rowspan="1">0</td></tr><tr class="skippedeven"><td rowspan="1">testCases.sub</td><td><a href="#m19">accept</a></td><td rowspan="1">1567437185444</td><td rowspan="1">0</td></tr><tr class="skippedodd"><td rowspan="1">testCases.updatescreen</td><td><a href="#m20">accept</a></td><td rowspan="1">1567437185451</td><td rowspan="1">0</td></tr></tbody>
</table>
<h2>testngTest.failed</h2><h3 id="m0">failed.testfail#setup</h3><table class="result"><tr><th>Messages</th></tr><tr><td><div class="messages">Completed executing following method : testfail.setup</div></td></tr><tr><th>Exception</th></tr><tr><td><div class="stacktrace">java.lang.NoClassDefFoundError: org/openqa/selenium/remote/AbstractDriverOptions
	at java.base/java.lang.ClassLoader.defineClass1(Native Method)
	at java.base/java.lang.ClassLoader.defineClass(ClassLoader.java:1016)
	at java.base/java.security.SecureClassLoader.defineClass(SecureClassLoader.java:174)
	at java.base/jdk.internal.loader.BuiltinClassLoader.defineClass(BuiltinClassLoader.java:802)
	at java.base/jdk.internal.loader.BuiltinClassLoader.findClassOnClassPathOrNull(BuiltinClassLoader.java:700)
	at java.base/jdk.internal.loader.BuiltinClassLoader.loadClassOrNull(BuiltinClassLoader.java:623)
	at java.base/jdk.internal.loader.BuiltinClassLoader.loadClass(BuiltinClassLoader.java:581)
	at java.base/jdk.internal.loader.ClassLoaders$AppClassLoader.loadClass(ClassLoaders.java:178)
	at java.base/java.lang.ClassLoader.loadClass(ClassLoader.java:521)
	at org.openqa.selenium.chrome.ChromeDriver.&lt;init&gt;(ChromeDriver.java:131)
	at testBase.Testbase.initialization(Testbase.java:46)
	at failed.testfail.setup(testfail.java:24)
Caused by: java.lang.ClassNotFoundException: org.openqa.selenium.remote.AbstractDriverOptions
	at java.base/jdk.internal.loader.BuiltinClassLoader.loadClass(BuiltinClassLoader.java:583)
	at java.base/jdk.internal.loader.ClassLoaders$AppClassLoader.loadClass(ClassLoaders.java:178)
	at java.base/java.lang.ClassLoader.loadClass(ClassLoader.java:521)
	... 40 more
... Removed 28 stack frames</div></td></tr></table><p class="totop"><a href="#summary">back to summary</a></p>
<h3 id="m1">failed.testfail#tearDown</h3><table class="result"><tr><th class="invisible"/></tr></table><p class="totop"><a href="#summary">back to summary</a></p>
<h3 id="m2">failed.testfail#customercapture</h3><table class="result"><tr><th>Messages</th></tr><tr><td><div class="messages">Test Method resides in failed.testfail<br/>Test Status: Skipped<br/>About to begin executing following method : testfail.customercapture<br/>Completed executing following method : testfail.customercapture<br/>Completed executing test testngTest.failed<br/>About to begin executing Test testngTest.testCases<br/>About to begin executing following method : ccTestCase.setup</div></td></tr><tr><th>Exception</th></tr><tr><td><div class="stacktrace">java.lang.NoClassDefFoundError: org/openqa/selenium/remote/AbstractDriverOptions
	at java.base/java.lang.ClassLoader.defineClass1(Native Method)
	at java.base/java.lang.ClassLoader.defineClass(ClassLoader.java:1016)
	at java.base/java.security.SecureClassLoader.defineClass(SecureClassLoader.java:174)
	at java.base/jdk.internal.loader.BuiltinClassLoader.defineClass(BuiltinClassLoader.java:802)
	at java.base/jdk.internal.loader.BuiltinClassLoader.findClassOnClassPathOrNull(BuiltinClassLoader.java:700)
	at java.base/jdk.internal.loader.BuiltinClassLoader.loadClassOrNull(BuiltinClassLoader.java:623)
	at java.base/jdk.internal.loader.BuiltinClassLoader.loadClass(BuiltinClassLoader.java:581)
	at java.base/jdk.internal.loader.ClassLoaders$AppClassLoader.loadClass(ClassLoaders.java:178)
	at java.base/java.lang.ClassLoader.loadClass(ClassLoader.java:521)
	at org.openqa.selenium.chrome.ChromeDriver.&lt;init&gt;(ChromeDriver.java:131)
	at testBase.Testbase.initialization(Testbase.java:46)
	at failed.testfail.setup(testfail.java:24)
Caused by: java.lang.ClassNotFoundException: org.openqa.selenium.remote.AbstractDriverOptions
	at java.base/jdk.internal.loader.BuiltinClassLoader.loadClass(BuiltinClassLoader.java:583)
	at java.base/jdk.internal.loader.ClassLoaders$AppClassLoader.loadClass(ClassLoaders.java:178)
	at java.base/java.lang.ClassLoader.loadClass(ClassLoader.java:521)
	... 40 more
... Removed 28 stack frames</div></td></tr></table><p class="totop"><a href="#summary">back to summary</a></p>
<h2>testngTest.testCases</h2><h3 id="m3">testCases.ccTestCase#setup</h3><table class="result"><tr><th>Messages</th></tr><tr><td><div class="messages">Completed executing following method : ccTestCase.setup</div></td></tr><tr><th>Exception</th></tr><tr><td><div class="stacktrace">java.lang.NoClassDefFoundError: org/openqa/selenium/remote/AbstractDriverOptions
	at org.openqa.selenium.chrome.ChromeDriver.&lt;init&gt;(ChromeDriver.java:131)
	at testBase.Testbase.initialization(Testbase.java:46)
	at testCases.ccTestCase.setup(ccTestCase.java:25)
... Removed 28 stack frames</div></td></tr></table><p class="totop"><a href="#summary">back to summary</a></p>
<h3 id="m4">testCases.e2E#setup</h3><table class="result"><tr><th>Messages</th></tr><tr><td><div class="messages">Completed executing following method : e2E.setup</div></td></tr><tr><th>Exception</th></tr><tr><td><div class="stacktrace">java.lang.NoClassDefFoundError: org/openqa/selenium/remote/AbstractDriverOptions
	at org.openqa.selenium.chrome.ChromeDriver.&lt;init&gt;(ChromeDriver.java:131)
	at testBase.Testbase.initialization(Testbase.java:46)
	at testCases.e2E.setup(e2E.java:31)
... Removed 28 stack frames</div></td></tr></table><p class="totop"><a href="#summary">back to summary</a></p>
<h3 id="m5">testCases.loginTestCase#setup</h3><table class="result"><tr><th>Messages</th></tr><tr><td><div class="messages">Completed executing following method : loginTestCase.setup</div></td></tr><tr><th>Exception</th></tr><tr><td><div class="stacktrace">java.lang.NoClassDefFoundError: org/openqa/selenium/remote/AbstractDriverOptions
	at org.openqa.selenium.chrome.ChromeDriver.&lt;init&gt;(ChromeDriver.java:131)
	at testBase.Testbase.initialization(Testbase.java:46)
	at testCases.loginTestCase.setup(loginTestCase.java:23)
... Removed 28 stack frames</div></td></tr></table><p class="totop"><a href="#summary">back to summary</a></p>
<h3 id="m6">testCases.quote#setup</h3><table class="result"><tr><th>Messages</th></tr><tr><td><div class="messages">Completed executing following method : quote.setup</div></td></tr><tr><th>Exception</th></tr><tr><td><div class="stacktrace">java.lang.NoClassDefFoundError: org/openqa/selenium/remote/AbstractDriverOptions
	at org.openqa.selenium.chrome.ChromeDriver.&lt;init&gt;(ChromeDriver.java:131)
	at testBase.Testbase.initialization(Testbase.java:46)
	at testCases.quote.setup(quote.java:31)
... Removed 28 stack frames</div></td></tr></table><p class="totop"><a href="#summary">back to summary</a></p>
<h3 id="m7">testCases.sub#setup</h3><table class="result"><tr><th>Messages</th></tr><tr><td><div class="messages">Completed executing following method : sub.setup</div></td></tr><tr><th>Exception</th></tr><tr><td><div class="stacktrace">java.lang.NoClassDefFoundError: org/openqa/selenium/remote/AbstractDriverOptions
	at org.openqa.selenium.chrome.ChromeDriver.&lt;init&gt;(ChromeDriver.java:131)
	at testBase.Testbase.initialization(Testbase.java:46)
	at testCases.sub.setup(sub.java:28)
... Removed 28 stack frames</div></td></tr></table><p class="totop"><a href="#summary">back to summary</a></p>
<h3 id="m8">testCases.updatescreen#setup</h3><table class="result"><tr><th>Messages</th></tr><tr><td><div class="messages">Completed executing following method : updatescreen.setup</div></td></tr><tr><th>Exception</th></tr><tr><td><div class="stacktrace">java.lang.NoClassDefFoundError: org/openqa/selenium/remote/AbstractDriverOptions
	at org.openqa.selenium.chrome.ChromeDriver.&lt;init&gt;(ChromeDriver.java:131)
	at testBase.Testbase.initialization(Testbase.java:46)
	at testCases.updatescreen.setup(updatescreen.java:29)
... Removed 28 stack frames</div></td></tr></table><p class="totop"><a href="#summary">back to summary</a></p>
<h3 id="m9">testCases.ccTestCase#tearDown</h3><table class="result"><tr><th class="invisible"/></tr></table><p class="totop"><a href="#summary">back to summary</a></p>
<h3 id="m10">testCases.e2E#tearDown</h3><table class="result"><tr><th class="invisible"/></tr></table><p class="totop"><a href="#summary">back to summary</a></p>
<h3 id="m11">testCases.loginTestCase#tearDown</h3><table class="result"><tr><th class="invisible"/></tr></table><p class="totop"><a href="#summary">back to summary</a></p>
<h3 id="m12">testCases.quote#tearDown</h3><table class="result"><tr><th class="invisible"/></tr></table><p class="totop"><a href="#summary">back to summary</a></p>
<h3 id="m13">testCases.sub#tearDown</h3><table class="result"><tr><th class="invisible"/></tr></table><p class="totop"><a href="#summary">back to summary</a></p>
<h3 id="m14">testCases.updatescreen#tearDown</h3><table class="result"><tr><th class="invisible"/></tr></table><p class="totop"><a href="#summary">back to summary</a></p>
<h3 id="m15">testCases.ccTestCase#customercapture</h3><table class="result"><tr><th>Messages</th></tr><tr><td><div class="messages">Test Method resides in testCases.ccTestCase<br/>Test Status: Skipped<br/>About to begin executing following method : ccTestCase.customercapture<br/>Completed executing following method : ccTestCase.customercapture<br/>About to begin executing following method : e2E.setup</div></td></tr><tr><th>Exception</th></tr><tr><td><div class="stacktrace">java.lang.NoClassDefFoundError: org/openqa/selenium/remote/AbstractDriverOptions
	at org.openqa.selenium.chrome.ChromeDriver.&lt;init&gt;(ChromeDriver.java:131)
	at testBase.Testbase.initialization(Testbase.java:46)
	at testCases.ccTestCase.setup(ccTestCase.java:25)
... Removed 28 stack frames</div></td></tr></table><p class="totop"><a href="#summary">back to summary</a></p>
<h3 id="m16">testCases.e2E#customercapture</h3><table class="result"><tr><th>Messages</th></tr><tr><td><div class="messages">Test Method resides in testCases.e2E<br/>Test Status: Skipped<br/>About to begin executing following method : e2E.customercapture<br/>Completed executing following method : e2E.customercapture<br/>About to begin executing following method : loginTestCase.setup</div></td></tr><tr><th>Exception</th></tr><tr><td><div class="stacktrace">java.lang.NoClassDefFoundError: org/openqa/selenium/remote/AbstractDriverOptions
	at org.openqa.selenium.chrome.ChromeDriver.&lt;init&gt;(ChromeDriver.java:131)
	at testBase.Testbase.initialization(Testbase.java:46)
	at testCases.e2E.setup(e2E.java:31)
... Removed 28 stack frames</div></td></tr></table><p class="totop"><a href="#summary">back to summary</a></p>
<h3 id="m17">testCases.loginTestCase#login</h3><table class="result"><tr><th>Messages</th></tr><tr><td><div class="messages">Test Method resides in testCases.loginTestCase<br/>Test Status: Skipped<br/>About to begin executing following method : loginTestCase.login<br/>Completed executing following method : loginTestCase.login<br/>About to begin executing following method : quote.setup</div></td></tr><tr><th>Exception</th></tr><tr><td><div class="stacktrace">java.lang.NoClassDefFoundError: org/openqa/selenium/remote/AbstractDriverOptions
	at org.openqa.selenium.chrome.ChromeDriver.&lt;init&gt;(ChromeDriver.java:131)
	at testBase.Testbase.initialization(Testbase.java:46)
	at testCases.loginTestCase.setup(loginTestCase.java:23)
... Removed 28 stack frames</div></td></tr></table><p class="totop"><a href="#summary">back to summary</a></p>
<h3 id="m18">testCases.quote#customercapture</h3><table class="result"><tr><th>Messages</th></tr><tr><td><div class="messages">Test Method resides in testCases.quote<br/>Test Status: Skipped<br/>About to begin executing following method : quote.customercapture<br/>Completed executing following method : quote.customercapture<br/>About to begin executing following method : sub.setup</div></td></tr><tr><th>Exception</th></tr><tr><td><div class="stacktrace">java.lang.NoClassDefFoundError: org/openqa/selenium/remote/AbstractDriverOptions
	at org.openqa.selenium.chrome.ChromeDriver.&lt;init&gt;(ChromeDriver.java:131)
	at testBase.Testbase.initialization(Testbase.java:46)
	at testCases.quote.setup(quote.java:31)
... Removed 28 stack frames</div></td></tr></table><p class="totop"><a href="#summary">back to summary</a></p>
<h3 id="m19">testCases.sub#accept</h3><table class="result"><tr><th>Messages</th></tr><tr><td><div class="messages">Test Method resides in testCases.sub<br/>Test Status: Skipped<br/>About to begin executing following method : sub.accept<br/>Completed executing following method : sub.accept<br/>About to begin executing following method : updatescreen.setup</div></td></tr><tr><th>Exception</th></tr><tr><td><div class="stacktrace">java.lang.NoClassDefFoundError: org/openqa/selenium/remote/AbstractDriverOptions
	at org.openqa.selenium.chrome.ChromeDriver.&lt;init&gt;(ChromeDriver.java:131)
	at testBase.Testbase.initialization(Testbase.java:46)
	at testCases.sub.setup(sub.java:28)
... Removed 28 stack frames</div></td></tr></table><p class="totop"><a href="#summary">back to summary</a></p>
<h3 id="m20">testCases.updatescreen#accept</h3><table class="result"><tr><th>Messages</th></tr><tr><td><div class="messages">Test Method resides in testCases.updatescreen<br/>Test Status: Skipped<br/>About to begin executing following method : updatescreen.accept<br/>Completed executing following method : updatescreen.accept<br/>Completed executing test testngTest.testCases<br/>About to end executing Suite testCases</div></td></tr><tr><th>Exception</th></tr><tr><td><div class="stacktrace">java.lang.NoClassDefFoundError: org/openqa/selenium/remote/AbstractDriverOptions
	at org.openqa.selenium.chrome.ChromeDriver.&lt;init&gt;(ChromeDriver.java:131)
	at testBase.Testbase.initialization(Testbase.java:46)
	at testCases.updatescreen.setup(updatescreen.java:29)
... Removed 28 stack frames</div></td></tr></table><p class="totop"><a href="#summary">back to summary</a></p>
</body>
</html>
